<?xml version="1.0" encoding="UTF-8"?>
<!-- Generated by org.testng.reporters.JUnitXMLReporter -->
<testsuite hostname="LAPTOP-5NRG1PID" ignored="0" name="Test" tests="3" failures="1" timestamp="26 Jul 2020 08:36:57 GMT" time="222.432" errors="0">
  <testcase name="basePageNavigation" time="73.739" classname="Arnab.ValidateTitle">
    <failure type="java.lang.AssertionError" message="expected [Printshoppy] but found []">
      <![CDATA[java.lang.AssertionError: expected [Printshoppy] but found []
at Arnab.ValidateTitle.basePageNavigation(ValidateTitle.java:34)
... Removed 31 stack frames]]>
    </failure>
  </testcase> <!-- basePageNavigation -->
  <testcase name="basePageNavigation" time="35.266" classname="Arnab.Homepage"/>
  <testcase name="basePageNavigation" time="44.432" classname="Arnab.Homepage"/>
</testsuite> <!-- Test -->
