<?xml version="1.0" encoding="UTF-8"?>
<!-- Generated by org.testng.reporters.JUnitXMLReporter -->
<testsuite hostname="LAPTOP-5NRG1PID" ignored="0" name="ScreenShot" tests="1" failures="1" timestamp="09 Aug 2020 11:02:10 GMT" time="35.544" errors="0">
  <testcase name="validateTitle" time="0.119" classname="Arnab.ValidateTitle">
    <failure type="java.lang.AssertionError" message="expected [Printshoppy] but found []">
      <![CDATA[java.lang.AssertionError: expected [Printshoppy] but found []
at Arnab.ValidateTitle.validateTitle(ValidateTitle.java:31)
at java.util.concurrent.FutureTask.run(FutureTask.java:266)
at java.util.concurrent.ThreadPoolExecutor.runWorker(ThreadPoolExecutor.java:1149)
at java.util.concurrent.ThreadPoolExecutor$Worker.run(ThreadPoolExecutor.java:624)
at java.lang.Thread.run(Thread.java:748)
... Removed 22 stack frames]]>
    </failure>
  </testcase> <!-- validateTitle -->
</testsuite> <!-- ScreenShot -->
